??:??:?? **** Incremental Build of configuration Debug for project test ****
make all 
Building file: ../test.c
Invoking: AVR Compiler
avr-gcc -Wall -g2 -gstabs -O0 -fpack-struct -fshort-enums -ffunction-sections -fdata-sections -std=gnu99 -funsigned-char -funsigned-bitfields -mmcu=atmega32 -DF_CPU=16000000UL -MMD -MP -MF"test.d" -MT"test.o" -c -o "test.o" "../test.c"
In file included from ../test.c:8:
c:/winavr-20100110/lib/gcc/../../avr/include/util/delay.h:90:3: warning: #warning "Compiler optimizations disabled; functions from <util/delay.h> won't work as designed"
Finished building: ../test.c
 
Building target: test.elf
Invoking: AVR C Linker
avr-gcc -Wl,-Map,test.map -mmcu=atmega32 -o "test.elf"  ./test.o   
Finished building target: test.elf
 
Invoking: AVR Create Extended Listing
avr-objdump -h -S test.elf  >"test.lss"
Finished building: test.lss
 
Invoking: Print Size
avr-size --format=avr --mcu=atmega32 test.elf
AVR Memory Usage
----------------
Device: atmega32

Program:    4834 bytes (14.8% Full)
(.text + .data + .bootloader)

Data:         12 bytes (0.6% Full)
(.data + .bss + .noinit)


Finished building: sizedummy
 
??:??:?? **** Incremental Build of configuration Debug for project test ****
make all 
Building file: ../test.c
Invoking: AVR Compiler
avr-gcc -Wall -g2 -gstabs -O0 -fpack-struct -fshort-enums -ffunction-sections -fdata-sections -std=gnu99 -funsigned-char -funsigned-bitfields -mmcu=atmega32 -DF_CPU=16000000UL -MMD -MP -MF"test.d" -MT"test.o" -c -o "test.o" "../test.c"
In file included from ../test.c:8:
c:/winavr-20100110/lib/gcc/../../avr/include/util/delay.h:90:3: warning: #warning "Compiler optimizations disabled; functions from <util/delay.h> won't work as designed"
Finished building: ../test.c
 
Building target: test.elf
Invoking: AVR C Linker
avr-gcc -Wl,-Map,test.map -mmcu=atmega32 -o "test.elf"  ./test.o   
Finished building target: test.elf
 
Invoking: AVR Create Extended Listing
avr-objdump -h -S test.elf  >"test.lss"
Finished building: test.lss
 
Invoking: Print Size
avr-size --format=avr --mcu=atmega32 test.elf
AVR Memory Usage
----------------
Device: atmega32

Program:    4834 bytes (14.8% Full)
(.text + .data + .bootloader)

Data:         12 bytes (0.6% Full)
(.data + .bss + .noinit)


Finished building: sizedummy
 
??:??:?? **** Incremental Build of configuration Debug for project test ****
make all 
Building file: ../test.c
Invoking: AVR Compiler
avr-gcc -Wall -g2 -gstabs -O0 -fpack-struct -fshort-enums -ffunction-sections -fdata-sections -std=gnu99 -funsigned-char -funsigned-bitfields -mmcu=atmega32 -DF_CPU=16000000UL -MMD -MP -MF"test.d" -MT"test.o" -c -o "test.o" "../test.c"
In file included from ../test.c:8:
c:/winavr-20100110/lib/gcc/../../avr/include/util/delay.h:90:3: warning: #warning "Compiler optimizations disabled; functions from <util/delay.h> won't work as designed"
Finished building: ../test.c
 
Building target: test.elf
Invoking: AVR C Linker
avr-gcc -Wl,-Map,test.map -mmcu=atmega32 -o "test.elf"  ./test.o   
Finished building target: test.elf
 
Invoking: AVR Create Extended Listing
avr-objdump -h -S test.elf  >"test.lss"
Finished building: test.lss
 
Invoking: Print Size
avr-size --format=avr --mcu=atmega32 test.elf
AVR Memory Usage
----------------
Device: atmega32

Program:    5226 bytes (15.9% Full)
(.text + .data + .bootloader)

Data:         12 bytes (0.6% Full)
(.data + .bss + .noinit)


Finished building: sizedummy
 
??:??:?? **** Incremental Build of configuration Debug for project test ****
make all 
Invoking: Print Size
avr-size --format=avr --mcu=atmega32 test.elf
AVR Memory Usage
----------------
Device: atmega32

Program:    5226 bytes (15.9% Full)
(.text + .data + .bootloader)

Data:         12 bytes (0.6% Full)
(.data + .bss + .noinit)


Finished building: sizedummy
 
??:??:?? **** Incremental Build of configuration Debug for project test ****
make all 
Building file: ../test.c
Invoking: AVR Compiler
avr-gcc -Wall -g2 -gstabs -O0 -fpack-struct -fshort-enums -ffunction-sections -fdata-sections -std=gnu99 -funsigned-char -funsigned-bitfields -mmcu=atmega32 -DF_CPU=16000000UL -MMD -MP -MF"test.d" -MT"test.o" -c -o "test.o" "../test.c"
In file included from ../test.c:8:
c:/winavr-20100110/lib/gcc/../../avr/include/util/delay.h:90:3: warning: #warning "Compiler optimizations disabled; functions from <util/delay.h> won't work as designed"
../test.c: In function 'main':
../test.c:90: warning: implicit declaration of function 'StopWatch_TimeProcessing'
Finished building: ../test.c
 
Building target: test.elf
Invoking: AVR C Linker
avr-gcc -Wl,-Map,test.map -mmcu=atmega32 -o "test.elf"  ./test.o   
./test.o: In function `StopWatch_TimeCounting':
../test.c:164: undefined reference to `StopWatch_TimeProcessing'
make: *** [test.elf] Error 1
"make all" terminated with exit code 2. Build might be incomplete.
??:??:?? **** Incremental Build of configuration Debug for project test ****
make all 
Building file: ../test.c
Invoking: AVR Compiler
avr-gcc -Wall -g2 -gstabs -O0 -fpack-struct -fshort-enums -ffunction-sections -fdata-sections -std=gnu99 -funsigned-char -funsigned-bitfields -mmcu=atmega32 -DF_CPU=16000000UL -MMD -MP -MF"test.d" -MT"test.o" -c -o "test.o" "../test.c"
In file included from ../test.c:8:
c:/winavr-20100110/lib/gcc/../../avr/include/util/delay.h:90:3: warning: #warning "Compiler optimizations disabled; functions from <util/delay.h> won't work as designed"
Finished building: ../test.c
 
Building target: test.elf
Invoking: AVR C Linker
avr-gcc -Wl,-Map,test.map -mmcu=atmega32 -o "test.elf"  ./test.o   
Finished building target: test.elf
 
Invoking: AVR Create Extended Listing
avr-objdump -h -S test.elf  >"test.lss"
Finished building: test.lss
 
Invoking: Print Size
avr-size --format=avr --mcu=atmega32 test.elf
AVR Memory Usage
----------------
Device: atmega32

Program:    5226 bytes (15.9% Full)
(.text + .data + .bootloader)

Data:         12 bytes (0.6% Full)
(.data + .bss + .noinit)


Finished building: sizedummy
 
??:??:?? **** Incremental Build of configuration Debug for project test ****
make all 
Building file: ../test.c
Invoking: AVR Compiler
avr-gcc -Wall -g2 -gstabs -O0 -fpack-struct -fshort-enums -ffunction-sections -fdata-sections -std=gnu99 -funsigned-char -funsigned-bitfields -mmcu=atmega32 -DF_CPU=16000000UL -MMD -MP -MF"test.d" -MT"test.o" -c -o "test.o" "../test.c"
In file included from ../test.c:8:
c:/winavr-20100110/lib/gcc/../../avr/include/util/delay.h:90:3: warning: #warning "Compiler optimizations disabled; functions from <util/delay.h> won't work as designed"
Finished building: ../test.c
 
Building target: test.elf
Invoking: AVR C Linker
avr-gcc -Wl,-Map,test.map -mmcu=atmega32 -o "test.elf"  ./test.o   
Finished building target: test.elf
 
Invoking: AVR Create Extended Listing
avr-objdump -h -S test.elf  >"test.lss"
Finished building: test.lss
 
Invoking: Print Size
avr-size --format=avr --mcu=atmega32 test.elf
AVR Memory Usage
----------------
Device: atmega32

Program:    5226 bytes (15.9% Full)
(.text + .data + .bootloader)

Data:         12 bytes (0.6% Full)
(.data + .bss + .noinit)


Finished building: sizedummy
 
??:??:?? **** Incremental Build of configuration Debug for project test ****
make all 
Building file: ../test.c
Invoking: AVR Compiler
avr-gcc -Wall -g2 -gstabs -O0 -fpack-struct -fshort-enums -ffunction-sections -fdata-sections -std=gnu99 -funsigned-char -funsigned-bitfields -mmcu=atmega32 -DF_CPU=16000000UL -MMD -MP -MF"test.d" -MT"test.o" -c -o "test.o" "../test.c"
In file included from ../test.c:8:
c:/winavr-20100110/lib/gcc/../../avr/include/util/delay.h:90:3: warning: #warning "Compiler optimizations disabled; functions from <util/delay.h> won't work as designed"
Finished building: ../test.c
 
Building target: test.elf
Invoking: AVR C Linker
avr-gcc -Wl,-Map,test.map -mmcu=atmega32 -o "test.elf"  ./test.o   
Finished building target: test.elf
 
Invoking: AVR Create Extended Listing
avr-objdump -h -S test.elf  >"test.lss"
Finished building: test.lss
 
Invoking: Print Size
avr-size --format=avr --mcu=atmega32 test.elf
AVR Memory Usage
----------------
Device: atmega32

Program:    5226 bytes (15.9% Full)
(.text + .data + .bootloader)

Data:         12 bytes (0.6% Full)
(.data + .bss + .noinit)


Finished building: sizedummy
 
??:??:?? **** Incremental Build of configuration Debug for project test ****
make all 
Building file: ../test.c
Invoking: AVR Compiler
avr-gcc -Wall -g2 -gstabs -O0 -fpack-struct -fshort-enums -ffunction-sections -fdata-sections -std=gnu99 -funsigned-char -funsigned-bitfields -mmcu=atmega32 -DF_CPU=16000000UL -MMD -MP -MF"test.d" -MT"test.o" -c -o "test.o" "../test.c"
In file included from ../test.c:8:
c:/winavr-20100110/lib/gcc/../../avr/include/util/delay.h:90:3: warning: #warning "Compiler optimizations disabled; functions from <util/delay.h> won't work as designed"
Finished building: ../test.c
 
Building target: test.elf
Invoking: AVR C Linker
avr-gcc -Wl,-Map,test.map -mmcu=atmega32 -o "test.elf"  ./test.o   
Finished building target: test.elf
 
Invoking: AVR Create Extended Listing
avr-objdump -h -S test.elf  >"test.lss"
Finished building: test.lss
 
Invoking: Print Size
avr-size --format=avr --mcu=atmega32 test.elf
AVR Memory Usage
----------------
Device: atmega32

Program:    5226 bytes (15.9% Full)
(.text + .data + .bootloader)

Data:         12 bytes (0.6% Full)
(.data + .bss + .noinit)


Finished building: sizedummy
 
